<?xml version="1.0" encoding="UTF-8"?>
<!-- Generated by org.testng.reporters.JUnitReportReporter -->
<testsuite hostname="CELT120" failures="0" tests="8" name="testcases.KeyCloakRoleMappingMainClass" time="1.588" errors="1" timestamp="2022-07-06T22:01:47 IST" skipped="7">
  <testcase classname="testcases.KeyCloakRoleMappingMainClass" name="callURL" time="1.588">
    <error message="session not created: This version of ChromeDriver only supports Chrome version 101
Current browser version is 103.0.5060.114 with binary path C:\Program Files\Google\Chrome\Application\chrome.exe
Build info: version: &#039;3.141.59&#039;, revision: &#039;e82be7d358&#039;, time: &#039;2018-11-14T08:17:03&#039;
System info: host: &#039;CELT120&#039;, ip: &#039;192.168.0.109&#039;, os.name: &#039;Windows 10&#039;, os.arch: &#039;amd64&#039;, os.version: &#039;10.0&#039;, java.version: &#039;16.0.1&#039;
Driver info: driver.version: ChromeDriver
remote stacktrace: Backtrace:
	Ordinal0 [0x0087B8F3+2406643]
	Ordinal0 [0x0080AF31+1945393]
	Ordinal0 [0x006FC748+837448]
	Ordinal0 [0x0071C8B3+968883]
	Ordinal0 [0x007184BA+951482]
	Ordinal0 [0x00715D71+941425]
	Ordinal0 [0x00748EE0+1150688]
	Ordinal0 [0x00748B3A+1149754]
	Ordinal0 [0x00744096+1130646]
	Ordinal0 [0x0071E636+976438]
	Ordinal0 [0x0071F546+980294]
	GetHandleVerifier [0x00AE9612+2498066]
	GetHandleVerifier [0x00ADC920+2445600]
	GetHandleVerifier [0x00914F2A+579370]
	GetHandleVerifier [0x00913D36+574774]
	Ordinal0 [0x00811C0B+1973259]
	Ordinal0 [0x00816688+1992328]
	Ordinal0 [0x00816775+1992565]
	Ordinal0 [0x0081F8D1+2029777]
	BaseThreadInitThunk [0x75EB6739+25]
	RtlGetFullPathName_UEx [0x77808E7F+1215]
	RtlGetFullPathName_UEx [0x77808E4D+1165]
" type="org.openqa.selenium.SessionNotCreatedException">
      <![CDATA[org.openqa.selenium.SessionNotCreatedException: session not created: This version of ChromeDriver only supports Chrome version 101
Current browser version is 103.0.5060.114 with binary path C:\Program Files\Google\Chrome\Application\chrome.exe
Build info: version: '3.141.59', revision: 'e82be7d358', time: '2018-11-14T08:17:03'
System info: host: 'CELT120', ip: '192.168.0.109', os.name: 'Windows 10', os.arch: 'amd64', os.version: '10.0', java.version: '16.0.1'
Driver info: driver.version: ChromeDriver
remote stacktrace: Backtrace:
Ordinal0 [0x0087B8F3+2406643]
Ordinal0 [0x0080AF31+1945393]
Ordinal0 [0x006FC748+837448]
Ordinal0 [0x0071C8B3+968883]
Ordinal0 [0x007184BA+951482]
Ordinal0 [0x00715D71+941425]
Ordinal0 [0x00748EE0+1150688]
Ordinal0 [0x00748B3A+1149754]
Ordinal0 [0x00744096+1130646]
Ordinal0 [0x0071E636+976438]
Ordinal0 [0x0071F546+980294]
GetHandleVerifier [0x00AE9612+2498066]
GetHandleVerifier [0x00ADC920+2445600]
GetHandleVerifier [0x00914F2A+579370]
GetHandleVerifier [0x00913D36+574774]
Ordinal0 [0x00811C0B+1973259]
Ordinal0 [0x00816688+1992328]
Ordinal0 [0x00816775+1992565]
Ordinal0 [0x0081F8D1+2029777]
BaseThreadInitThunk [0x75EB6739+25]
RtlGetFullPathName_UEx [0x77808E7F+1215]
RtlGetFullPathName_UEx [0x77808E4D+1165]

at java.base/jdk.internal.reflect.NativeConstructorAccessorImpl.newInstance0(Native Method)
at java.base/jdk.internal.reflect.NativeConstructorAccessorImpl.newInstance(NativeConstructorAccessorImpl.java:78)
at java.base/jdk.internal.reflect.DelegatingConstructorAccessorImpl.newInstance(DelegatingConstructorAccessorImpl.java:45)
at java.base/java.lang.reflect.Constructor.newInstanceWithCaller(Constructor.java:499)
at java.base/java.lang.reflect.Constructor.newInstance(Constructor.java:480)
at org.openqa.selenium.remote.W3CHandshakeResponse.lambda$errorHandler$0(W3CHandshakeResponse.java:62)
at org.openqa.selenium.remote.HandshakeResponse.lambda$getResponseFunction$0(HandshakeResponse.java:30)
at org.openqa.selenium.remote.ProtocolHandshake.lambda$createSession$0(ProtocolHandshake.java:126)
at java.base/java.util.stream.ReferencePipeline$3$1.accept(ReferencePipeline.java:197)
at java.base/java.util.Spliterators$ArraySpliterator.tryAdvance(Spliterators.java:958)
at java.base/java.util.stream.ReferencePipeline.forEachWithCancel(ReferencePipeline.java:129)
at java.base/java.util.stream.AbstractPipeline.copyIntoWithCancel(AbstractPipeline.java:502)
at java.base/java.util.stream.AbstractPipeline.copyInto(AbstractPipeline.java:488)
at java.base/java.util.stream.AbstractPipeline.wrapAndCopyInto(AbstractPipeline.java:474)
at java.base/java.util.stream.FindOps$FindOp.evaluateSequential(FindOps.java:150)
at java.base/java.util.stream.AbstractPipeline.evaluate(AbstractPipeline.java:234)
at java.base/java.util.stream.ReferencePipeline.findFirst(ReferencePipeline.java:647)
at org.openqa.selenium.remote.ProtocolHandshake.createSession(ProtocolHandshake.java:128)
at org.openqa.selenium.remote.ProtocolHandshake.createSession(ProtocolHandshake.java:74)
at org.openqa.selenium.remote.HttpCommandExecutor.execute(HttpCommandExecutor.java:136)
at org.openqa.selenium.remote.service.DriverCommandExecutor.execute(DriverCommandExecutor.java:83)
at org.openqa.selenium.remote.RemoteWebDriver.execute(RemoteWebDriver.java:552)
at org.openqa.selenium.remote.RemoteWebDriver.startSession(RemoteWebDriver.java:213)
at org.openqa.selenium.remote.RemoteWebDriver.<init>(RemoteWebDriver.java:131)
at org.openqa.selenium.chrome.ChromeDriver.<init>(ChromeDriver.java:181)
at org.openqa.selenium.chrome.ChromeDriver.<init>(ChromeDriver.java:168)
at org.openqa.selenium.chrome.ChromeDriver.<init>(ChromeDriver.java:123)
at testcases.KeyCloakRoleMappingMainClass.callURL(KeyCloakRoleMappingMainClass.java:45)
at java.base/jdk.internal.reflect.NativeMethodAccessorImpl.invoke0(Native Method)
at java.base/jdk.internal.reflect.NativeMethodAccessorImpl.invoke(NativeMethodAccessorImpl.java:78)
at java.base/jdk.internal.reflect.DelegatingMethodAccessorImpl.invoke(DelegatingMethodAccessorImpl.java:43)
at java.base/java.lang.reflect.Method.invoke(Method.java:567)
at org.testng.internal.invokers.MethodInvocationHelper.invokeMethod(MethodInvocationHelper.java:139)
at org.testng.internal.invokers.MethodInvocationHelper.invokeMethodConsideringTimeout(MethodInvocationHelper.java:69)
at org.testng.internal.invokers.ConfigInvoker.invokeConfigurationMethod(ConfigInvoker.java:361)
at org.testng.internal.invokers.ConfigInvoker.invokeConfigurations(ConfigInvoker.java:296)
at org.testng.TestRunner.invokeTestConfigurations(TestRunner.java:643)
at org.testng.TestRunner.beforeRun(TestRunner.java:632)
at org.testng.TestRunner.run(TestRunner.java:594)
at org.testng.SuiteRunner.runTest(SuiteRunner.java:433)
at org.testng.SuiteRunner.runSequentially(SuiteRunner.java:427)
at org.testng.SuiteRunner.privateRun(SuiteRunner.java:387)
at org.testng.SuiteRunner.run(SuiteRunner.java:330)
at org.testng.SuiteRunnerWorker.runSuite(SuiteRunnerWorker.java:52)
at org.testng.SuiteRunnerWorker.run(SuiteRunnerWorker.java:95)
at org.testng.TestNG.runSuitesSequentially(TestNG.java:1256)
at org.testng.TestNG.runSuitesLocally(TestNG.java:1176)
at org.testng.TestNG.runSuites(TestNG.java:1099)
at org.testng.TestNG.run(TestNG.java:1067)
at org.testng.remote.AbstractRemoteTestNG.run(AbstractRemoteTestNG.java:115)
at org.testng.remote.RemoteTestNG.initAndRun(RemoteTestNG.java:251)
at org.testng.remote.RemoteTestNG.main(RemoteTestNG.java:77)
]]>
    </error>
  </testcase> <!-- callURL -->
  <system-out/>
  <testcase classname="testcases.KeyCloakRoleMappingMainClass" name="asserTrueTest" time="0.000">
    <skipped/>
  </testcase> <!-- asserTrueTest -->
  <system-out/>
  <testcase classname="testcases.KeyCloakRoleMappingMainClass" name="asserFalseTest" time="0.000">
    <skipped/>
  </testcase> <!-- asserFalseTest -->
  <system-out/>
  <testcase classname="testcases.KeyCloakRoleMappingMainClass" name="softAssertionTest" time="0.000">
    <skipped/>
  </testcase> <!-- softAssertionTest -->
  <system-out/>
  <testcase classname="testcases.KeyCloakRoleMappingMainClass" name="createRoleMapping" time="0.000">
    <skipped/>
  </testcase> <!-- createRoleMapping -->
  <system-out/>
  <testcase classname="testcases.KeyCloakRoleMappingMainClass" name="roleCreation" time="0.000">
    <skipped/>
  </testcase> <!-- roleCreation -->
  <system-out/>
  <testcase classname="testcases.KeyCloakRoleMappingMainClass" name="roleMapping" time="0.000">
    <skipped/>
  </testcase> <!-- roleMapping -->
  <system-out/>
  <testcase classname="testcases.KeyCloakRoleMappingMainClass" name="dummyrolecreation" time="0.000">
    <skipped/>
  </testcase> <!-- dummyrolecreation -->
  <system-out/>
</testsuite> <!-- testcases.KeyCloakRoleMappingMainClass -->
